2025-08-18 04:39:08,520 - INFO - yaml File reading successfull
2025-08-18 04:39:08,520 - INFO - Data ingestion started with hotel_reservation_data and file Hotel_Reservations_data.csv
2025-08-18 04:39:08,520 - INFO - Starting data ingestion process
2025-08-18 04:39:22,022 - INFO - CSV file successfully downloaded to artifacts/raw\raw.csv
2025-08-18 04:39:22,022 - INFO - Spliting the file....
2025-08-18 04:39:22,556 - INFO - Train data saved to artifacts/raw\train.csv
2025-08-18 04:39:22,556 - INFO - Test data saved to artifacts/raw\test.csv
2025-08-18 04:39:22,566 - INFO - Data ingestion completed successfully
2025-08-18 04:39:22,566 - INFO - Data ingestion completed
2025-08-18 04:39:22,566 - INFO - yaml File reading successfull
2025-08-18 04:39:22,586 - INFO - loading the data from RAW directry...
2025-08-18 04:39:22,586 - INFO - Loading data
2025-08-18 04:39:22,678 - INFO - Loading data
2025-08-18 04:39:22,710 - INFO - Starting our Data Processing step
2025-08-18 04:39:22,710 - INFO - Dropping columns...
2025-08-18 04:39:22,742 - INFO - Dropping duplicates...
2025-08-18 04:39:22,774 - INFO - Applying Lable Encoding on Categorical columns...
2025-08-18 04:39:22,808 - INFO - Label Mappings are: 
2025-08-18 04:39:22,808 - INFO - type_of_meal_plan: {'Meal Plan 1': np.int64(0), 'Meal Plan 2': np.int64(1), 'Meal Plan 3': np.int64(2), 'Not Selected': np.int64(3)}
2025-08-18 04:39:22,808 - INFO - room_type_reserved: {'Room_Type 1': np.int64(0), 'Room_Type 2': np.int64(1), 'Room_Type 3': np.int64(2), 'Room_Type 4': np.int64(3), 'Room_Type 5': np.int64(4), 'Room_Type 6': np.int64(5), 'Room_Type 7': np.int64(6)}
2025-08-18 04:39:22,808 - INFO - market_segment_type: {'Aviation': np.int64(0), 'Complementary': np.int64(1), 'Corporate': np.int64(2), 'Offline': np.int64(3), 'Online': np.int64(4)}
2025-08-18 04:39:22,808 - INFO - booking_status: {'Canceled': np.int64(0), 'Not_Canceled': np.int64(1)}
2025-08-18 04:39:22,808 - INFO - required_car_parking_space: {np.int64(0): np.int64(0), np.int64(1): np.int64(1)}
2025-08-18 04:39:22,808 - INFO - repeated_guest: {np.int64(0): np.int64(0), np.int64(1): np.int64(1)}
2025-08-18 04:39:22,808 - INFO - Skewness handling...
2025-08-18 04:39:22,816 - INFO - Starting our Data Processing step
2025-08-18 04:39:22,816 - INFO - Dropping columns...
2025-08-18 04:39:22,818 - INFO - Dropping duplicates...
2025-08-18 04:39:22,826 - INFO - Applying Lable Encoding on Categorical columns...
2025-08-18 04:39:22,838 - INFO - Label Mappings are: 
2025-08-18 04:39:22,838 - INFO - type_of_meal_plan: {'Meal Plan 1': np.int64(0), 'Meal Plan 2': np.int64(1), 'Meal Plan 3': np.int64(2), 'Not Selected': np.int64(3)}
2025-08-18 04:39:22,838 - INFO - room_type_reserved: {'Room_Type 1': np.int64(0), 'Room_Type 2': np.int64(1), 'Room_Type 3': np.int64(2), 'Room_Type 4': np.int64(3), 'Room_Type 5': np.int64(4), 'Room_Type 6': np.int64(5), 'Room_Type 7': np.int64(6)}
2025-08-18 04:39:22,838 - INFO - market_segment_type: {'Aviation': np.int64(0), 'Complementary': np.int64(1), 'Corporate': np.int64(2), 'Offline': np.int64(3), 'Online': np.int64(4)}
2025-08-18 04:39:22,838 - INFO - booking_status: {'Canceled': np.int64(0), 'Not_Canceled': np.int64(1)}
2025-08-18 04:39:22,838 - INFO - required_car_parking_space: {np.int64(0): np.int64(0), np.int64(1): np.int64(1)}
2025-08-18 04:39:22,838 - INFO - repeated_guest: {np.int64(0): np.int64(0), np.int64(1): np.int64(1)}
2025-08-18 04:39:22,838 - INFO - Skewness handling...
2025-08-18 04:39:22,842 - INFO - Handling Imbalanced data...
2025-08-18 04:39:28,693 - INFO - Data balanced succesfully
2025-08-18 04:39:28,695 - INFO - Selecting Features ...
2025-08-18 04:39:34,275 - INFO - Feature selection of top 10 are ['lead_time' 'no_of_special_requests' 'avg_price_per_room' 'arrival_month'
 'arrival_date' 'market_segment_type' 'no_of_week_nights'
 'no_of_weekend_nights' 'room_type_reserved' 'type_of_meal_plan']... selected successfully
2025-08-18 04:39:34,288 - INFO - Saving the preprocessed dataframe as CSV
2025-08-18 04:39:34,446 - INFO - Data saved successfully on artifacts/processes\processed_train.csv
2025-08-18 04:39:34,446 - INFO - Saving the preprocessed dataframe as CSV
2025-08-18 04:39:34,478 - INFO - Data saved successfully on artifacts/processes\processed_test.csv
2025-08-18 04:39:34,478 - INFO - Data processing completed successfully
2025-08-18 04:39:35,707 - INFO - Starting our Model trianing pipeline
2025-08-18 04:39:35,707 - INFO - Starting MLFLOW experiment tracking
2025-08-18 04:39:35,707 - INFO - Logging the training and testing dataset to MLFLOW
2025-08-18 04:39:35,715 - INFO - Loading data from artifacts/processes\processed_train.csv
2025-08-18 04:39:35,715 - INFO - Loading data
2025-08-18 04:39:35,752 - INFO - Loading data from artifacts/processes\processed_test.csv
2025-08-18 04:39:35,752 - INFO - Loading data
2025-08-18 04:39:35,760 - INFO - Splitting train data...
2025-08-18 04:39:35,760 - INFO - Splitting test data...
2025-08-18 04:39:35,760 - INFO - Data splitted successfully for Model Training
2025-08-18 04:39:35,760 - INFO - Initializing our model
2025-08-18 04:39:35,760 - INFO - Tuning the model using Hyper paramters...
2025-08-18 04:39:35,760 - INFO - Fitting the model (hyper paramter tuning)...
2025-08-18 04:39:59,551 - INFO - Hyperparameter tuning completed
2025-08-18 04:39:59,551 - INFO - Best paramters are : {'boosting_type': 'goss', 'learning_rate': np.float64(0.08965429868602329), 'max_depth': 7, 'min_child_samples': 27, 'n_estimators': 288, 'num_leaves': 30}
2025-08-18 04:39:59,633 - INFO - Accuracy score 0.8488506697535968
2025-08-18 04:39:59,633 - INFO - Precision score 0.9006574141709277
2025-08-18 04:39:59,633 - INFO - Recall score 0.879667063020214
2025-08-18 04:39:59,633 - INFO - F1 score 0.8900384985563041
2025-08-18 04:39:59,633 - INFO - Saving the model
2025-08-18 04:39:59,657 - INFO - Model saved in artifacts/models/lgbm_model_2.pkl
2025-08-18 04:39:59,657 - INFO - Logging the model into ML flow
2025-08-18 04:39:59,657 - INFO - Saving the model parameters and metrics to MLflow
2025-08-18 04:39:59,713 - INFO - Model training completed...
2025-08-18 07:02:33,108 - INFO - Loading data
2025-08-18 07:10:45,819 - INFO - Loading data
2025-08-18 07:11:44,840 - INFO - Loading data
2025-08-18 07:14:40,505 - INFO - Loading data
2025-08-18 08:15:46,902 - INFO - Loading data
2025-08-18 08:16:38,310 - INFO - Loading data
2025-08-18 08:19:06,783 - INFO - Loading data
2025-08-18 08:19:10,068 - INFO - Loading data
2025-08-18 08:19:10,693 - INFO - Loading data
2025-08-18 08:19:11,466 - INFO - Loading data
2025-08-18 08:19:49,877 - INFO - Loading data
2025-08-18 08:20:35,377 - INFO - Loading data
2025-08-18 08:20:51,772 - INFO - Loading data
2025-08-18 08:20:54,217 - INFO - Loading data
2025-08-18 08:26:02,034 - INFO - Loading data
2025-08-18 08:26:52,277 - INFO - Loading data
2025-08-18 08:28:36,507 - INFO - Loading data
2025-08-18 08:28:38,946 - INFO - Loading data
2025-08-18 08:28:40,494 - INFO - Loading data
2025-08-18 08:28:41,649 - INFO - Loading data
2025-08-18 08:28:44,164 - INFO - Loading data
2025-08-18 08:28:49,038 - INFO - Loading data
2025-08-18 08:28:50,182 - INFO - Loading data
2025-08-18 08:58:45,195 - INFO - Loading data
2025-08-18 08:58:47,440 - INFO - Loading data
2025-08-18 08:59:24,062 - INFO - Loading data
2025-08-18 08:59:24,521 - INFO - Loading data
2025-08-18 08:59:24,968 - INFO - Loading data
2025-08-18 08:59:25,323 - INFO - Loading data
2025-08-18 08:59:25,708 - INFO - Loading data
2025-08-18 08:59:26,082 - INFO - Loading data
2025-08-18 08:59:26,405 - INFO - Loading data
2025-08-18 08:59:27,595 - INFO - Loading data
2025-08-18 08:59:28,815 - INFO - Loading data
2025-08-18 08:59:29,264 - INFO - Loading data
2025-08-18 08:59:29,693 - INFO - Loading data
2025-08-18 08:59:30,110 - INFO - Loading data
2025-08-18 08:59:30,568 - INFO - Loading data
2025-08-18 08:59:31,160 - INFO - Loading data
2025-08-18 08:59:31,921 - INFO - Loading data
2025-08-18 08:59:32,612 - INFO - Loading data
2025-08-18 08:59:33,353 - INFO - Loading data
2025-08-18 08:59:34,540 - INFO - Loading data
2025-08-18 08:59:35,758 - INFO - Loading data
2025-08-18 08:59:39,827 - INFO - Loading data
2025-08-18 08:59:44,055 - INFO - Loading data
2025-08-18 08:59:49,805 - INFO - Loading data
2025-08-18 08:59:51,802 - INFO - Loading data
2025-08-18 08:59:53,457 - INFO - Loading data
2025-08-18 08:59:55,188 - INFO - Loading data
2025-08-18 08:59:56,188 - INFO - Loading data
2025-08-18 08:59:57,704 - INFO - Loading data
2025-08-18 09:00:00,270 - INFO - Loading data
2025-08-18 09:00:00,815 - INFO - Loading data
2025-08-18 09:00:03,767 - INFO - Loading data
2025-08-18 09:00:04,320 - INFO - Loading data
2025-08-18 09:00:04,846 - INFO - Loading data
2025-08-18 09:00:15,918 - INFO - Loading data
2025-08-18 09:00:17,613 - INFO - Loading data
2025-08-18 09:00:19,467 - INFO - Loading data
2025-08-18 09:05:54,447 - INFO - Loading data
2025-08-18 09:05:57,166 - INFO - Loading data
2025-08-18 09:05:57,672 - INFO - Loading data
2025-08-18 09:05:57,918 - INFO - Loading data
2025-08-18 09:05:58,185 - INFO - Loading data
2025-08-18 09:05:58,421 - INFO - Loading data
2025-08-18 09:05:58,633 - INFO - Loading data
2025-08-18 09:05:58,702 - INFO - Loading data
2025-08-18 09:05:59,310 - INFO - Loading data
2025-08-18 09:05:59,558 - INFO - Loading data
2025-08-18 09:05:59,679 - INFO - Loading data
2025-08-18 09:05:59,872 - INFO - Loading data
2025-08-18 09:06:00,230 - INFO - Loading data
2025-08-18 09:06:00,454 - INFO - Loading data
2025-08-18 09:06:01,152 - INFO - Loading data
2025-08-18 09:06:04,518 - INFO - Loading data
2025-08-18 09:06:05,250 - INFO - Loading data
2025-08-18 09:06:07,119 - INFO - Loading data
2025-08-18 09:06:07,600 - INFO - Loading data
2025-08-18 09:06:08,088 - INFO - Loading data
2025-08-18 09:06:09,052 - INFO - Loading data
2025-08-18 09:06:09,402 - INFO - Loading data
2025-08-18 09:06:09,732 - INFO - Loading data
2025-08-18 09:06:22,659 - INFO - Loading data
2025-08-18 09:06:41,132 - INFO - Loading data
2025-08-18 09:07:23,559 - INFO - Loading data
2025-08-18 09:07:57,178 - INFO - Loading data
2025-08-18 09:08:02,473 - INFO - Loading data
2025-08-18 09:08:02,825 - INFO - Loading data
2025-08-18 09:08:03,105 - INFO - Loading data
2025-08-18 09:08:03,396 - INFO - Loading data
2025-08-18 09:08:03,641 - INFO - Loading data
2025-08-18 09:08:03,741 - INFO - Loading data
2025-08-18 09:08:03,912 - INFO - Loading data
2025-08-18 09:08:04,125 - INFO - Loading data
2025-08-18 09:08:04,308 - INFO - Loading data
2025-08-18 09:08:04,506 - INFO - Loading data
2025-08-18 09:08:04,693 - INFO - Loading data
2025-08-18 09:08:04,891 - INFO - Loading data
2025-08-18 09:08:10,685 - INFO - Loading data
2025-08-18 09:08:12,012 - INFO - Loading data
2025-08-18 09:08:15,083 - INFO - Loading data
2025-08-18 09:08:16,585 - INFO - Loading data
2025-08-18 09:09:01,038 - INFO - Loading data
2025-08-18 09:09:59,620 - INFO - Loading data
2025-08-18 09:10:03,460 - INFO - Loading data
2025-08-18 09:10:21,285 - INFO - Loading data
2025-08-18 09:10:23,702 - INFO - Loading data
2025-08-18 09:10:25,026 - INFO - Loading data
2025-08-18 09:10:26,489 - INFO - Loading data
2025-08-18 09:10:27,999 - INFO - Loading data
2025-08-18 09:11:13,030 - INFO - Loading data
2025-08-18 09:11:19,059 - INFO - Loading data
2025-08-18 09:11:19,403 - INFO - Loading data
2025-08-18 09:11:19,484 - INFO - Loading data
2025-08-18 09:11:19,700 - INFO - Loading data
2025-08-18 09:11:19,903 - INFO - Loading data
2025-08-18 09:11:20,105 - INFO - Loading data
2025-08-18 09:11:20,315 - INFO - Loading data
2025-08-18 09:11:20,505 - INFO - Loading data
2025-08-18 09:11:22,102 - INFO - Loading data
2025-08-18 09:11:22,433 - INFO - Loading data
2025-08-18 09:11:22,539 - INFO - Loading data
2025-08-18 09:11:22,710 - INFO - Loading data
2025-08-18 09:11:22,973 - INFO - Loading data
2025-08-18 09:11:23,176 - INFO - Loading data
2025-08-18 09:11:23,390 - INFO - Loading data
2025-08-18 09:11:23,930 - INFO - Loading data
2025-08-18 09:11:42,690 - INFO - Loading data
2025-08-18 09:11:45,403 - INFO - Loading data
2025-08-18 09:11:46,915 - INFO - Loading data
2025-08-18 09:12:27,650 - INFO - Loading data
2025-08-18 09:12:34,959 - INFO - Loading data
2025-08-18 09:12:41,252 - INFO - Loading data
2025-08-18 09:13:23,602 - INFO - Loading data
2025-08-18 09:13:24,616 - INFO - Loading data
2025-08-18 09:13:26,358 - INFO - Loading data
2025-08-18 09:13:26,682 - INFO - Loading data
2025-08-18 09:13:27,321 - INFO - Loading data
2025-08-18 09:13:28,402 - INFO - Loading data
2025-08-18 09:20:26,762 - INFO - Loading data
2025-08-18 09:20:29,765 - INFO - Loading data
2025-08-18 09:20:39,706 - INFO - Loading data
2025-08-18 09:21:16,333 - INFO - Loading data
2025-08-18 09:21:24,038 - INFO - Loading data
2025-08-18 09:21:47,106 - INFO - Loading data
2025-08-18 09:21:54,787 - INFO - Loading data
2025-08-18 09:23:00,038 - INFO - Loading data
2025-08-18 09:23:14,808 - INFO - Loading data
2025-08-18 09:25:02,194 - INFO - Loading data
2025-08-18 09:25:03,146 - INFO - Loading data
2025-08-18 09:25:03,581 - INFO - Loading data
2025-08-18 09:25:04,461 - INFO - Loading data
2025-08-18 09:25:09,365 - INFO - Loading data
2025-08-18 09:33:52,571 - INFO - Loading data
2025-08-18 10:06:57,770 - INFO - yaml File reading successfull
2025-08-18 10:06:57,770 - INFO - loading the data from RAW directry...
2025-08-18 10:06:57,770 - INFO - Loading data
2025-08-18 10:06:57,865 - INFO - Loading data
2025-08-18 10:06:57,898 - INFO - Starting our Data Processing step
2025-08-18 10:06:57,898 - INFO - Dropping columns...
2025-08-18 10:06:57,905 - INFO - Dropping duplicates...
2025-08-18 10:06:57,943 - INFO - Applying Lable Encoding on Categorical columns...
2025-08-18 10:06:57,979 - INFO - Label Mappings are: 
2025-08-18 10:06:57,979 - INFO - type_of_meal_plan: {'Meal Plan 1': np.int64(0), 'Meal Plan 2': np.int64(1), 'Meal Plan 3': np.int64(2), 'Not Selected': np.int64(3)}
2025-08-18 10:06:57,979 - INFO - room_type_reserved: {'Room_Type 1': np.int64(0), 'Room_Type 2': np.int64(1), 'Room_Type 3': np.int64(2), 'Room_Type 4': np.int64(3), 'Room_Type 5': np.int64(4), 'Room_Type 6': np.int64(5), 'Room_Type 7': np.int64(6)}
2025-08-18 10:06:57,979 - INFO - market_segment_type: {'Aviation': np.int64(0), 'Complementary': np.int64(1), 'Corporate': np.int64(2), 'Offline': np.int64(3), 'Online': np.int64(4)}
2025-08-18 10:06:57,979 - INFO - booking_status: {'Canceled': np.int64(0), 'Not_Canceled': np.int64(1)}
2025-08-18 10:06:57,979 - INFO - required_car_parking_space: {np.int64(0): np.int64(0), np.int64(1): np.int64(1)}
2025-08-18 10:06:57,979 - INFO - repeated_guest: {np.int64(0): np.int64(0), np.int64(1): np.int64(1)}
2025-08-18 10:06:57,979 - INFO - Skewness handling...
2025-08-18 10:06:57,985 - INFO - Starting our Data Processing step
2025-08-18 10:06:57,985 - INFO - Dropping columns...
2025-08-18 10:06:57,985 - INFO - Dropping duplicates...
2025-08-18 10:06:57,995 - INFO - Applying Lable Encoding on Categorical columns...
2025-08-18 10:06:58,011 - INFO - Label Mappings are: 
2025-08-18 10:06:58,011 - INFO - type_of_meal_plan: {'Meal Plan 1': np.int64(0), 'Meal Plan 2': np.int64(1), 'Meal Plan 3': np.int64(2), 'Not Selected': np.int64(3)}
2025-08-18 10:06:58,011 - INFO - room_type_reserved: {'Room_Type 1': np.int64(0), 'Room_Type 2': np.int64(1), 'Room_Type 3': np.int64(2), 'Room_Type 4': np.int64(3), 'Room_Type 5': np.int64(4), 'Room_Type 6': np.int64(5), 'Room_Type 7': np.int64(6)}
2025-08-18 10:06:58,011 - INFO - market_segment_type: {'Aviation': np.int64(0), 'Complementary': np.int64(1), 'Corporate': np.int64(2), 'Offline': np.int64(3), 'Online': np.int64(4)}
2025-08-18 10:06:58,011 - INFO - booking_status: {'Canceled': np.int64(0), 'Not_Canceled': np.int64(1)}
2025-08-18 10:06:58,011 - INFO - required_car_parking_space: {np.int64(0): np.int64(0), np.int64(1): np.int64(1)}
2025-08-18 10:06:58,011 - INFO - repeated_guest: {np.int64(0): np.int64(0), np.int64(1): np.int64(1)}
2025-08-18 10:06:58,011 - INFO - Skewness handling...
2025-08-18 10:06:58,011 - INFO - Handling Imbalanced data...
2025-08-18 10:07:05,560 - INFO - Data balanced succesfully
2025-08-18 10:07:05,563 - INFO - Selecting Features ...
2025-08-18 10:07:11,612 - INFO - Feature selection of top 10 are ['lead_time' 'no_of_special_requests' 'avg_price_per_room' 'arrival_month'
 'arrival_date' 'market_segment_type' 'no_of_week_nights'
 'no_of_weekend_nights' 'room_type_reserved' 'type_of_meal_plan']... selected successfully
2025-08-18 10:07:11,623 - INFO - Saving the preprocessed dataframe as CSV
2025-08-18 10:07:11,784 - INFO - Data saved successfully on artifacts/processes\processed_train.csv
2025-08-18 10:07:11,784 - INFO - Saving the preprocessed dataframe as CSV
2025-08-18 10:07:11,811 - INFO - Data saved successfully on artifacts/processes\processed_test.csv
2025-08-18 10:07:11,811 - INFO - Saving preprocessing pipeline and feature selection pipeline...
2025-08-18 10:07:11,811 - ERROR - Error during preprocessing pipeline DataProcessor.preprocess_data() missing 1 required positional argument: 'df'
2025-08-18 11:20:35,404 - INFO - yaml File reading successfull
2025-08-18 11:20:35,404 - INFO - loading the data from RAW directry...
2025-08-18 11:20:35,404 - INFO - Loading data
2025-08-18 11:20:35,518 - INFO - Loading data
2025-08-18 11:20:35,546 - INFO - Starting our Data Processing step
2025-08-18 11:20:35,546 - INFO - Dropping columns...
2025-08-18 11:20:35,557 - INFO - Dropping duplicates...
2025-08-18 11:20:35,594 - INFO - Applying Lable Encoding on Categorical columns...
2025-08-18 11:20:35,618 - INFO - Label Mappings are: 
2025-08-18 11:20:35,618 - INFO - type_of_meal_plan: {'Meal Plan 1': np.int64(0), 'Meal Plan 2': np.int64(1), 'Meal Plan 3': np.int64(2), 'Not Selected': np.int64(3)}
2025-08-18 11:20:35,618 - INFO - room_type_reserved: {'Room_Type 1': np.int64(0), 'Room_Type 2': np.int64(1), 'Room_Type 3': np.int64(2), 'Room_Type 4': np.int64(3), 'Room_Type 5': np.int64(4), 'Room_Type 6': np.int64(5), 'Room_Type 7': np.int64(6)}
2025-08-18 11:20:35,618 - INFO - market_segment_type: {'Aviation': np.int64(0), 'Complementary': np.int64(1), 'Corporate': np.int64(2), 'Offline': np.int64(3), 'Online': np.int64(4)}
2025-08-18 11:20:35,618 - INFO - booking_status: {'Canceled': np.int64(0), 'Not_Canceled': np.int64(1)}
2025-08-18 11:20:35,618 - INFO - required_car_parking_space: {np.int64(0): np.int64(0), np.int64(1): np.int64(1)}
2025-08-18 11:20:35,618 - INFO - repeated_guest: {np.int64(0): np.int64(0), np.int64(1): np.int64(1)}
2025-08-18 11:20:35,618 - INFO - Skewness handling...
2025-08-18 11:20:35,642 - INFO - Handling Imbalanced data...
2025-08-18 11:20:43,144 - INFO - Data balanced succesfully
2025-08-18 11:20:43,144 - INFO - Selecting Features ...
2025-08-18 11:20:49,344 - INFO - Feature selection of top 10 are ['lead_time' 'no_of_special_requests' 'avg_price_per_room' 'arrival_month'
 'arrival_date' 'market_segment_type' 'no_of_week_nights'
 'no_of_weekend_nights' 'room_type_reserved' 'type_of_meal_plan']... selected successfully
2025-08-18 11:20:49,344 - INFO - Starting our Data Processing step
2025-08-18 11:20:49,344 - INFO - Dropping columns on test data...
2025-08-18 11:20:49,360 - INFO - Dropping duplicates on test data...
2025-08-18 11:20:49,360 - INFO - Applying saved Lable Encoder on Categorical columns (Test data)...
2025-08-18 11:20:49,376 - INFO - Applying log transform on skewed columns from training...
2025-08-18 11:20:49,376 - INFO - Saving the preprocessed dataframe as CSV
2025-08-18 11:20:49,550 - INFO - Data saved successfully on artifacts/processesed_data\processed_train.csv
2025-08-18 11:20:49,550 - INFO - Saving the preprocessed dataframe as CSV
2025-08-18 11:20:49,565 - INFO - Data saved successfully on artifacts/processesed_data\processed_test.csv
2025-08-18 11:20:49,565 - INFO - Saving preprocessing pipeline and feature selection pipeline...
2025-08-18 11:20:49,597 - ERROR - Failed to save the artifacts/pipeline/preprocessing_pipeline.pkl in the {'label_encoders': {'type_of_meal_plan': LabelEncoder(), 'room_type_reserved': LabelEncoder(), 'market_segment_type': LabelEncoder(), 'booking_status': LabelEncoder(), 'required_car_parking_space': LabelEncoder(), 'repeated_guest': LabelEncoder()}, 'selected_features': ['lead_time', 'no_of_special_requests', 'avg_price_per_room', 'arrival_month', 'arrival_date', 'market_segment_type', 'no_of_week_nights', 'no_of_weekend_nights', 'room_type_reserved', 'type_of_meal_plan'], 'skewed_columns': ['no_of_previous_cancellations', 'no_of_previous_bookings_not_canceled']}, expected str, bytes or os.PathLike object, not dict
2025-08-18 11:20:49,597 - ERROR - Error during preprocessing pipeline Error occurred in file 'D:\My_notes_Data_scientist\Projects\Hotel_reservation_prediction_MLOps\utils\common_function.py', line 42: Failed to save the file, None
2025-08-18 11:24:20,021 - INFO - yaml File reading successfull
2025-08-18 11:24:20,021 - INFO - loading the data from RAW directry...
2025-08-18 11:24:20,021 - INFO - Loading data
2025-08-18 11:24:20,136 - INFO - Loading data
2025-08-18 11:24:20,152 - INFO - Starting our Data Processing step
2025-08-18 11:24:20,152 - INFO - Dropping columns...
2025-08-18 11:24:20,168 - INFO - Dropping duplicates...
2025-08-18 11:24:20,184 - INFO - Applying Lable Encoding on Categorical columns...
2025-08-18 11:24:20,224 - INFO - Label Mappings are: 
2025-08-18 11:24:20,224 - INFO - type_of_meal_plan: {'Meal Plan 1': np.int64(0), 'Meal Plan 2': np.int64(1), 'Meal Plan 3': np.int64(2), 'Not Selected': np.int64(3)}
2025-08-18 11:24:20,224 - INFO - room_type_reserved: {'Room_Type 1': np.int64(0), 'Room_Type 2': np.int64(1), 'Room_Type 3': np.int64(2), 'Room_Type 4': np.int64(3), 'Room_Type 5': np.int64(4), 'Room_Type 6': np.int64(5), 'Room_Type 7': np.int64(6)}
2025-08-18 11:24:20,224 - INFO - market_segment_type: {'Aviation': np.int64(0), 'Complementary': np.int64(1), 'Corporate': np.int64(2), 'Offline': np.int64(3), 'Online': np.int64(4)}
2025-08-18 11:24:20,224 - INFO - booking_status: {'Canceled': np.int64(0), 'Not_Canceled': np.int64(1)}
2025-08-18 11:24:20,224 - INFO - required_car_parking_space: {np.int64(0): np.int64(0), np.int64(1): np.int64(1)}
2025-08-18 11:24:20,224 - INFO - repeated_guest: {np.int64(0): np.int64(0), np.int64(1): np.int64(1)}
2025-08-18 11:24:20,224 - INFO - Skewness handling...
2025-08-18 11:24:20,230 - INFO - Handling Imbalanced data...
2025-08-18 11:24:26,134 - INFO - Data balanced succesfully
2025-08-18 11:24:26,136 - INFO - Selecting Features ...
2025-08-18 11:24:31,765 - INFO - Feature selection of top 10 are ['lead_time' 'no_of_special_requests' 'avg_price_per_room' 'arrival_month'
 'arrival_date' 'market_segment_type' 'no_of_week_nights'
 'no_of_weekend_nights' 'room_type_reserved' 'type_of_meal_plan']... selected successfully
2025-08-18 11:24:31,773 - INFO - Starting our Data Processing step
2025-08-18 11:24:31,781 - INFO - Dropping columns on test data...
2025-08-18 11:24:31,781 - INFO - Dropping duplicates on test data...
2025-08-18 11:24:31,789 - INFO - Applying saved Lable Encoder on Categorical columns (Test data)...
2025-08-18 11:24:31,797 - INFO - Applying log transform on skewed columns from training...
2025-08-18 11:24:31,797 - INFO - Saving the preprocessed dataframe as CSV
2025-08-18 11:24:31,973 - INFO - Data saved successfully on artifacts/processesed_data\processed_train.csv
2025-08-18 11:24:31,973 - INFO - Saving the preprocessed dataframe as CSV
2025-08-18 11:24:32,006 - INFO - Data saved successfully on artifacts/processesed_data\processed_test.csv
2025-08-18 11:24:32,006 - INFO - Saving preprocessing pipeline and feature selection pipeline...
2025-08-18 11:24:32,024 - INFO - Data processing completed successfully
2025-08-18 11:26:46,399 - INFO - Loading data
2025-08-18 11:27:56,655 - INFO - Loading data
2025-08-18 11:36:34,452 - INFO - Loading data
2025-08-18 11:36:59,561 - INFO - Loading data
2025-08-18 11:40:20,488 - INFO - Loading data
2025-08-18 11:41:08,293 - INFO - Loading data
2025-08-18 11:43:52,151 - INFO - Loading data
2025-08-18 11:46:52,937 - INFO - Loading data
2025-08-18 11:47:08,875 - INFO - Loading data
2025-08-18 11:47:10,302 - INFO - Loading data
2025-08-18 11:47:12,138 - INFO - Loading data
2025-08-18 11:47:12,672 - INFO - Loading data
2025-08-18 11:47:13,474 - INFO - Loading data
2025-08-18 11:47:17,450 - INFO - Loading data
2025-08-18 11:47:24,410 - INFO - Loading data
2025-08-18 11:47:25,158 - INFO - Loading data
2025-08-18 11:47:30,901 - INFO - Loading data
2025-08-18 11:47:37,782 - INFO - Loading data
2025-08-18 11:47:43,574 - INFO - Loading data
2025-08-18 11:47:48,895 - INFO - Loading data
2025-08-18 11:47:51,467 - INFO - Loading data
2025-08-18 11:47:56,599 - INFO - Loading data
2025-08-18 11:48:04,257 - INFO - Loading data
2025-08-18 11:48:06,990 - INFO - Loading data
2025-08-18 11:48:09,297 - INFO - Loading data
2025-08-18 11:48:21,006 - INFO - Loading data
2025-08-18 11:49:09,338 - INFO - Loading data
2025-08-18 11:49:25,605 - INFO - Loading data
2025-08-18 11:49:26,395 - INFO - Loading data
2025-08-18 11:49:26,984 - INFO - Loading data
2025-08-18 11:51:44,987 - INFO - Loading data
2025-08-18 11:52:31,299 - INFO - Loading data
2025-08-18 11:52:49,657 - INFO - Loading data
2025-08-18 11:52:51,910 - INFO - Loading data
2025-08-18 11:52:58,769 - INFO - Loading data
2025-08-18 12:24:37,696 - INFO - Loading data
2025-08-18 12:30:40,692 - INFO - Loading data
2025-08-18 12:32:14,065 - INFO - Loading data
2025-08-18 12:32:26,250 - INFO - Loading data
2025-08-18 12:34:07,911 - INFO - Loading data
2025-08-18 12:37:23,255 - INFO - Loading data
2025-08-18 12:38:42,041 - INFO - Loading data
2025-08-18 12:41:57,534 - INFO - Loading data
2025-08-18 12:42:53,884 - INFO - Loading data
2025-08-18 12:44:20,583 - INFO - Loading data
2025-08-18 12:46:48,885 - INFO - Loading data
2025-08-18 12:52:31,862 - INFO - Loading data
2025-08-18 12:53:23,646 - INFO - Loading data
2025-08-18 12:56:31,729 - INFO - Loading data
2025-08-18 12:57:08,483 - INFO - Loading data
2025-08-18 12:58:17,642 - INFO - Loading data
2025-08-18 13:00:04,695 - INFO - Loading data
2025-08-18 13:03:22,262 - INFO - Loading data
2025-08-18 13:03:33,592 - INFO - Loading data
2025-08-18 13:03:36,603 - INFO - Loading data
2025-08-18 13:03:38,652 - INFO - Loading data
2025-08-18 13:03:39,146 - INFO - Loading data
2025-08-18 13:03:44,927 - INFO - Loading data
2025-08-18 13:03:45,948 - INFO - Loading data
2025-08-18 13:03:57,506 - INFO - Loading data
2025-08-18 13:04:03,979 - INFO - Loading data
2025-08-18 13:04:09,602 - INFO - Loading data
2025-08-18 13:04:12,258 - INFO - Loading data
2025-08-18 13:04:18,259 - INFO - Loading data
2025-08-18 13:06:37,475 - INFO - Loading data
2025-08-18 13:06:57,571 - INFO - Loading data
2025-08-18 13:07:42,147 - INFO - Loading data
2025-08-18 13:08:17,678 - INFO - Loading data
2025-08-18 13:09:08,962 - INFO - Loading data
2025-08-18 13:09:26,628 - INFO - Loading data
2025-08-18 13:09:27,222 - INFO - Loading data
2025-08-18 13:09:30,051 - INFO - Loading data
2025-08-18 13:09:32,305 - INFO - Loading data
2025-08-18 13:09:36,459 - INFO - Loading data
2025-08-18 13:09:39,459 - INFO - Loading data
2025-08-18 13:09:42,144 - INFO - Loading data
2025-08-18 13:09:45,212 - INFO - Loading data
2025-08-18 13:09:55,000 - INFO - Loading data
2025-08-18 13:09:57,454 - INFO - Loading data
2025-08-18 13:10:01,335 - INFO - Loading data
2025-08-18 13:10:02,101 - INFO - Loading data
2025-08-18 13:10:29,988 - INFO - Loading data
2025-08-18 13:10:32,179 - INFO - Loading data
2025-08-18 13:10:46,115 - INFO - Loading data
2025-08-18 13:10:48,226 - INFO - Loading data
2025-08-18 13:10:55,790 - INFO - Loading data
2025-08-18 13:11:00,128 - INFO - Loading data
2025-08-18 13:11:05,373 - INFO - Loading data
2025-08-18 13:11:10,155 - INFO - Loading data
2025-08-18 13:11:18,609 - INFO - Loading data
2025-08-18 13:11:19,192 - INFO - Loading data
2025-08-18 13:11:21,248 - INFO - Loading data
2025-08-18 13:11:21,872 - INFO - Loading data
2025-08-18 13:11:26,105 - INFO - Loading data
2025-08-18 13:11:26,967 - INFO - Loading data
2025-08-18 13:11:27,527 - INFO - Loading data
2025-08-18 13:11:35,274 - INFO - Loading data
2025-08-18 13:11:35,499 - INFO - Loading data
2025-08-18 13:11:40,524 - INFO - Loading data
2025-08-18 13:11:43,957 - INFO - Loading data
2025-08-18 13:11:47,027 - INFO - Loading data
2025-08-18 13:11:48,988 - INFO - Loading data
2025-08-18 13:12:17,447 - INFO - Loading data
2025-08-18 13:12:19,103 - INFO - Loading data
2025-08-18 13:12:24,085 - INFO - Loading data
2025-08-18 13:12:25,525 - INFO - Loading data
2025-08-18 13:12:35,431 - INFO - Loading data
2025-08-18 13:12:38,055 - INFO - Loading data
2025-08-18 13:12:42,659 - INFO - Loading data
2025-08-18 13:12:56,822 - INFO - Loading data
2025-08-18 13:13:03,780 - INFO - Loading data
2025-08-18 13:13:08,073 - INFO - Loading data
2025-08-18 13:13:17,082 - INFO - Loading data
2025-08-18 13:13:27,152 - INFO - Loading data
2025-08-18 13:13:29,400 - INFO - Loading data
2025-08-18 13:13:29,990 - INFO - Loading data
2025-08-18 13:13:31,105 - INFO - Loading data
2025-08-18 13:13:32,754 - INFO - Loading data
2025-08-18 13:13:34,994 - INFO - Loading data
2025-08-18 13:13:52,416 - INFO - Loading data
2025-08-18 13:13:55,131 - INFO - Loading data
2025-08-18 13:13:56,178 - INFO - Loading data
2025-08-18 13:13:57,301 - INFO - Loading data
2025-08-18 13:13:58,002 - INFO - Loading data
2025-08-18 13:14:03,063 - INFO - Loading data
2025-08-18 13:14:09,678 - INFO - Loading data
2025-08-18 13:14:11,685 - INFO - Loading data
2025-08-18 13:17:08,763 - INFO - Loading data
2025-08-18 13:28:31,828 - INFO - Loading data
2025-08-18 13:29:55,559 - INFO - Loading data
2025-08-18 13:30:05,039 - INFO - Loading data
2025-08-18 13:30:06,079 - INFO - Loading data
2025-08-18 13:30:09,304 - INFO - Loading data
2025-08-18 13:30:14,367 - INFO - Loading data
2025-08-18 13:30:16,526 - INFO - Loading data
2025-08-18 13:30:19,777 - INFO - Loading data
2025-08-18 13:30:20,656 - INFO - Loading data
2025-08-18 13:30:22,814 - INFO - Loading data
2025-08-18 13:30:23,427 - INFO - Loading data
2025-08-18 13:30:25,143 - INFO - Loading data
2025-08-18 13:30:25,856 - INFO - Loading data
2025-08-18 13:30:27,941 - INFO - Loading data
2025-08-18 13:30:32,140 - INFO - Loading data
2025-08-18 13:30:32,752 - INFO - Loading data
2025-08-18 13:30:33,370 - INFO - Loading data
2025-08-18 13:30:42,627 - INFO - Loading data
2025-08-18 13:30:46,963 - INFO - Loading data
2025-08-18 13:30:54,250 - INFO - Loading data
2025-08-18 13:30:54,887 - INFO - Loading data
2025-08-18 13:30:59,076 - INFO - Loading data
2025-08-18 13:31:01,468 - INFO - Loading data
2025-08-18 13:31:04,134 - INFO - Loading data
2025-08-18 13:31:05,656 - INFO - Loading data
2025-08-18 13:31:14,968 - INFO - Loading data
2025-08-18 13:31:17,086 - INFO - Loading data
2025-08-18 13:31:18,042 - INFO - Loading data
2025-08-18 13:31:18,631 - INFO - Loading data
2025-08-18 13:47:22,489 - INFO - Loading data
2025-08-18 13:47:27,485 - INFO - Loading data
2025-08-18 13:47:49,796 - INFO - Loading data
2025-08-18 13:47:51,727 - INFO - Loading data
2025-08-18 13:48:02,990 - INFO - Loading data
2025-08-18 13:48:16,352 - INFO - Loading data
2025-08-18 13:52:23,805 - INFO - Loading data
2025-08-18 13:52:27,703 - INFO - Loading data
2025-08-18 13:52:32,368 - INFO - Loading data
2025-08-18 13:52:33,080 - INFO - Loading data
2025-08-18 13:52:40,141 - INFO - Loading data
2025-08-18 13:52:40,709 - INFO - Loading data
2025-08-18 13:52:54,298 - INFO - Loading data
2025-08-18 13:52:56,381 - INFO - Loading data
